Сборка начата 17.05.2018 23:21:25.
     1>Проект "C:\Users\Александр\Documents\Visual Studio 2013\Projects\laba3 t2\laba3 t2\laba3 t2.vcxproj" в узле 2 (целевые объекты Build).
     1>ClCompile:
         C:\Program Files (x86)\Microsoft Visual Studio 12.0\VC\bin\CL.exe /c /ZI /nologo /W3 /WX- /sdl /Od /Oy- /D WIN32 /D _DEBUG /D _CONSOLE /D _LIB /D _UNICODE /D UNICODE /Gm /EHsc /RTC1 /MDd /GS /fp:precise /Zc:wchar_t /Zc:forScope /Fo"Debug\\" /Fd"Debug\vc120.pdb" /Gd /TC /analyze- /errorReport:prompt findFirstNegativeElement.c main.c
         main.c
     1>c:\users\александр\documents\visual studio 2013\projects\laba3 t2\laba3 t2\main.c(13): warning C4013: _getch: нет определения; предполагается "extern" с возвратом типа "int"
     1>c:\users\александр\documents\visual studio 2013\projects\laba3 t2\laba3 t2\main.c(16): warning C4013: system: нет определения; предполагается "extern" с возвратом типа "int"
         findFirstNegativeElement.c
         Создание кода...
       Link:
         C:\Program Files (x86)\Microsoft Visual Studio 12.0\VC\bin\link.exe /ERRORREPORT:PROMPT /OUT:"C:\Users\Александр\Documents\Visual Studio 2013\Projects\laba3 t2\Debug\laba3 t2.exe" /INCREMENTAL /NOLOGO kernel32.lib user32.lib gdi32.lib winspool.lib comdlg32.lib advapi32.lib shell32.lib ole32.lib oleaut32.lib uuid.lib odbc32.lib odbccp32.lib /MANIFEST /MANIFESTUAC:"level='asInvoker' uiAccess='false'" /manifest:embed /DEBUG /PDB:"C:\Users\Александр\Documents\Visual Studio 2013\Projects\laba3 t2\Debug\laba3 t2.pdb" /SUBSYSTEM:CONSOLE /TLBID:1 /DYNAMICBASE /NXCOMPAT /IMPLIB:"C:\Users\Александр\Documents\Visual Studio 2013\Projects\laba3 t2\Debug\laba3 t2.lib" /MACHINE:X86 Debug\findFirstElement.obj
         Debug\findFirstNegativeElement.obj
         Debug\main.obj
         Debug\print.obj
         Debug\summa.obj
         Debug\summa2.obj
         laba3 t2.vcxproj -> C:\Users\Александр\Documents\Visual Studio 2013\Projects\laba3 t2\Debug\laba3 t2.exe
     1>Сборка проекта "C:\Users\Александр\Documents\Visual Studio 2013\Projects\laba3 t2\laba3 t2\laba3 t2.vcxproj" завершена (целевые объекты Build).

Сборка успешно завершена.

Затраченное время: 00:00:01.83
