Сборка начата 26.05.2018 22:44:22.
     1>Проект "C:\Users\Александр\Documents\Visual Studio 2013\Projects\labarot4\labarot4\labarot4.vcxproj" в узле 2 (целевые объекты Build).
     1>ClCompile:
         C:\Program Files (x86)\Microsoft Visual Studio 12.0\VC\bin\CL.exe /c /ZI /nologo /W3 /WX- /sdl /Od /Oy- /D WIN32 /D _DEBUG /D _CONSOLE /D _LIB /D _UNICODE /D UNICODE /Gm /EHsc /RTC1 /MDd /GS /fp:precise /Zc:wchar_t /Zc:forScope /Fo"Debug\\" /Fd"Debug\vc120.pdb" /Gd /TC /analyze- /errorReport:prompt task1.c task2.c task3.c task4.c task5.c task6.c task7.c task8.c task9.c
         task9.c
         task8.c
         task7.c
         task6.c
         task5.c
         task4.c
         task3.c
         task2.c
         task1.c
         Создание кода...
       Link:
         C:\Program Files (x86)\Microsoft Visual Studio 12.0\VC\bin\link.exe /ERRORREPORT:PROMPT /OUT:"C:\Users\Александр\Documents\Visual Studio 2013\Projects\labarot4\Debug\labarot4.exe" /INCREMENTAL /NOLOGO kernel32.lib user32.lib gdi32.lib winspool.lib comdlg32.lib advapi32.lib shell32.lib ole32.lib oleaut32.lib uuid.lib odbc32.lib odbccp32.lib /MANIFEST /MANIFESTUAC:"level='asInvoker' uiAccess='false'" /manifest:embed /DEBUG /PDB:"C:\Users\Александр\Documents\Visual Studio 2013\Projects\labarot4\Debug\labarot4.pdb" /SUBSYSTEM:CONSOLE /TLBID:1 /DYNAMICBASE /NXCOMPAT /IMPLIB:"C:\Users\Александр\Documents\Visual Studio 2013\Projects\labarot4\Debug\labarot4.lib" /MACHINE:X86 Debug\task1.obj
         Debug\task2.obj
         Debug\task3.obj
         Debug\task4.obj
         Debug\task5.obj
         Debug\task6.obj
         Debug\task7.obj
         Debug\task8.obj
         Debug\task9.obj
         labarot4.vcxproj -> C:\Users\Александр\Documents\Visual Studio 2013\Projects\labarot4\Debug\labarot4.exe
     1>Сборка проекта "C:\Users\Александр\Documents\Visual Studio 2013\Projects\labarot4\labarot4\labarot4.vcxproj" завершена (целевые объекты Build).

Сборка успешно завершена.

Затраченное время: 00:00:01.80
